02:17:54 **** Incremental Build of configuration Debug for project SensorDataUnit ****
make -j8 all 
arm-none-eabi-gcc "C:/repos/ece480/embedded/SensorDataUnit_Workspace/Core/Src/main.c" -mcpu=cortex-m0plus -std=gnu11 -g3 -DDEBUG -DUSE_HAL_DRIVER -DSTM32WL3XX -DUSE_FULL_LL_DRIVER -c -I../../Core/Inc -I../../Drivers/STM32WL3x_HAL_Driver/Inc -I../../Drivers/STM32WL3x_HAL_Driver/Inc/Legacy -I../../Drivers/CMSIS/Device/ST/STM32WL3X/Include -I../../Drivers/CMSIS/Include -O0 -ffunction-sections -fdata-sections -Wall -fstack-usage -fcyclomatic-complexity -MMD -MP -MF"Application/User/Core/main.d" -MT"Application/User/Core/main.o" --specs=nano.specs -mfloat-abi=soft -mthumb -o "Application/User/Core/main.o"
In file included from ../../Core/Inc/adc.h:5,
                 from C:/repos/ece480/embedded/SensorDataUnit_Workspace/Core/Src/main.c:24:
../../Core/Inc/sensors.h:32:17: warning: 'triaxial_y_g' defined but not used [-Wunused-variable]
   32 | static uint16_t triaxial_y_g;
      |                 ^~~~~~~~~~~~
../../Core/Inc/sensors.h:28:17: warning: 'uniaxial_hz' defined but not used [-Wunused-variable]
   28 | static uint16_t uniaxial_hz; // frequency
      |                 ^~~~~~~~~~~
../../Core/Inc/sensors.h:23:17: warning: 'strain_gauge_hz' defined but not used [-Wunused-variable]
   23 | static uint16_t strain_gauge_hz; // strain gauge frequency - see if oscillations can be picked up here
      |                 ^~~~~~~~~~~~~~~
arm-none-eabi-gcc -o "SensorDataUnit.elf" @"objects.list"   -mcpu=cortex-m0plus -T"C:\repos\ece480\embedded\SensorDataUnit_Workspace\SensorDataUnit\STM32WL33KCVX_FLASH.ld" --specs=nosys.specs -Wl,-Map="SensorDataUnit.map" -Wl,--gc-sections -static --specs=nano.specs -mfloat-abi=soft -mthumb -Wl,--start-group -lc -lm -Wl,--end-group
Finished building target: SensorDataUnit.elf
 
arm-none-eabi-size  SensorDataUnit.elf 
arm-none-eabi-objdump -h -S SensorDataUnit.elf  > "SensorDataUnit.list"
   text	   data	    bss	    dec	    hex	filename
  26940	     24	   3480	  30444	   76ec	SensorDataUnit.elf
Finished building: default.size.stdout
 
Finished building: SensorDataUnit.list
 

02:17:56 Build Finished. 0 errors, 3 warnings. (took 1s.521ms)

